Determining if the pthread_create exist failed with the following output:
Change Dir: /home/aaron/racecar_ws4.1/build/CMakeFiles/CMakeTmp

Run Build Command:"/usr/bin/make" "cmTC_334ab/fast"
/usr/bin/make -f CMakeFiles/cmTC_334ab.dir/build.make CMakeFiles/cmTC_334ab.dir/build
make[1]: Entering directory '/home/aaron/racecar_ws4.1/build/CMakeFiles/CMakeTmp'
Building C object CMakeFiles/cmTC_334ab.dir/CheckSymbolExists.c.o
/usr/bin/cc     -o CMakeFiles/cmTC_334ab.dir/CheckSymbolExists.c.o   -c /home/aaron/racecar_ws4.1/build/CMakeFiles/CMakeTmp/CheckSymbolExists.c
Linking C executable cmTC_334ab
/usr/bin/cmake -E cmake_link_script CMakeFiles/cmTC_334ab.dir/link.txt --verbose=1
/usr/bin/cc       CMakeFiles/cmTC_334ab.dir/CheckSymbolExists.c.o  -o cmTC_334ab -rdynamic 
CMakeFiles/cmTC_334ab.dir/CheckSymbolExists.c.o: In function `main':
CheckSymbolExists.c:(.text+0x16): undefined reference to `pthread_create'
collect2: error: ld returned 1 exit status
CMakeFiles/cmTC_334ab.dir/build.make:97: recipe for target 'cmTC_334ab' failed
make[1]: *** [cmTC_334ab] Error 1
make[1]: Leaving directory '/home/aaron/racecar_ws4.1/build/CMakeFiles/CMakeTmp'
Makefile:126: recipe for target 'cmTC_334ab/fast' failed
make: *** [cmTC_334ab/fast] Error 2

File /home/aaron/racecar_ws4.1/build/CMakeFiles/CMakeTmp/CheckSymbolExists.c:
/* */
#include <pthread.h>

int main(int argc, char** argv)
{
  (void)argv;
#ifndef pthread_create
  return ((int*)(&pthread_create))[argc];
#else
  (void)argc;
  return 0;
#endif
}

Determining if the function pthread_create exists in the pthreads failed with the following output:
Change Dir: /home/aaron/racecar_ws4.1/build/CMakeFiles/CMakeTmp

Run Build Command:"/usr/bin/make" "cmTC_ba3fb/fast"
/usr/bin/make -f CMakeFiles/cmTC_ba3fb.dir/build.make CMakeFiles/cmTC_ba3fb.dir/build
make[1]: Entering directory '/home/aaron/racecar_ws4.1/build/CMakeFiles/CMakeTmp'
Building C object CMakeFiles/cmTC_ba3fb.dir/CheckFunctionExists.c.o
/usr/bin/cc    -DCHECK_FUNCTION_EXISTS=pthread_create   -o CMakeFiles/cmTC_ba3fb.dir/CheckFunctionExists.c.o   -c /usr/share/cmake-3.5/Modules/CheckFunctionExists.c
Linking C executable cmTC_ba3fb
/usr/bin/cmake -E cmake_link_script CMakeFiles/cmTC_ba3fb.dir/link.txt --verbose=1
/usr/bin/cc   -DCHECK_FUNCTION_EXISTS=pthread_create    CMakeFiles/cmTC_ba3fb.dir/CheckFunctionExists.c.o  -o cmTC_ba3fb -rdynamic -lpthreads 
/usr/bin/ld: cannot find -lpthreads
collect2: error: ld returned 1 exit status
CMakeFiles/cmTC_ba3fb.dir/build.make:97: recipe for target 'cmTC_ba3fb' failed
make[1]: *** [cmTC_ba3fb] Error 1
make[1]: Leaving directory '/home/aaron/racecar_ws4.1/build/CMakeFiles/CMakeTmp'
Makefile:126: recipe for target 'cmTC_ba3fb/fast' failed
make: *** [cmTC_ba3fb/fast] Error 2


